<?xml version="1.0" encoding="UTF-8"?>

<mule xmlns:http="http://www.mulesoft.org/schema/mule/http" xmlns="http://www.mulesoft.org/schema/mule/core"
	xmlns:doc="http://www.mulesoft.org/schema/mule/documentation"
	xmlns:xsi="http://www.w3.org/2001/XMLSchema-instance" xsi:schemaLocation="http://www.mulesoft.org/schema/mule/core http://www.mulesoft.org/schema/mule/core/current/mule.xsd
http://www.mulesoft.org/schema/mule/http http://www.mulesoft.org/schema/mule/http/current/mule-http.xsd">
	<http:listener-config name="HTTP_Listener_config" doc:name="HTTP Listener config" doc:id="c3ff95f4-d706-429b-ad14-42158039c832" >
		<http:listener-connection host="0.0.0.0" port="8081" />
	</http:listener-config>
	<flow name="test-apiFlow" doc:id="9954c0a9-24f6-4e29-a60d-70b083492824" >
		<http:listener doc:name="Listener" doc:id="59c622e0-d666-46ef-ae10-4a0ae2a96e06" config-ref="HTTP_Listener_config" path="/test"/>
		<set-payload value="Test API" doc:name="Set Payload" doc:id="5eee7f50-f660-4dd1-b7d2-5254868345b5" />
	</flow>
</mule>
